<?xml version="1.0" encoding="UTF-8"?>
<!-- Generated by org.testng.reporters.JUnitReportReporter -->
<testsuite skipped="0" hostname="MSI" name="com.dev.gitEclipse.gitEclipse.App" tests="1" failures="0" timestamp="10 Oct 2023 06:40:56 GMT" time="78.113" errors="0">
  <testcase name="Login" time="78.113" classname="com.dev.gitEclipse.gitEclipse.App"/>
</testsuite> <!-- com.dev.gitEclipse.gitEclipse.App -->
